<?xml version="1.0" encoding="UTF-8"?>
<!-- Generated by org.testng.reporters.JUnitXMLReporter -->
<testsuite hostname="HomeLaptop-PC" name="Default test" tests="7" failures="0" timestamp="28 Aug 2016 12:22:34 GMT" time="5.198" errors="0">
  <testcase name="PostTestCase" time="3.501" classname="com.trainings.resst.automation.test.Testing"/>
  <testcase name="WrongCredentialValidationTestCase" time="0.085" classname="com.trainings.resst.automation.test.Testing"/>
  <testcase name="GetMessageTestCase" time="1.044" classname="com.trainings.resst.automation.test.Testing"/>
  <testcase name="GetAllMessagesTestCase" time="0.055" classname="com.trainings.resst.automation.test.Testing"/>
  <testcase name="PostJsonAsMapTestCase" time="0.289" classname="com.trainings.resst.automation.test.Testing"/>
  <testcase name="PutTestCase" time="0.039" classname="com.trainings.resst.automation.test.Testing"/>
  <testcase name="DeleteTestCase" time="0.138" classname="com.trainings.resst.automation.test.Testing"/>
</testsuite> <!-- Default test -->
