<?xml version="1.0" encoding="UTF-8"?>
<testng-results skipped="0" failed="0" total="4" passed="4">
  <reporter-output>
  </reporter-output>
  <suite name="Suite" duration-ms="3905" started-at="2016-08-21T14:27:36Z" finished-at="2016-08-21T14:27:40Z">
    <groups>
    </groups>
    <test name="Test" duration-ms="3905" started-at="2016-08-21T14:27:36Z" finished-at="2016-08-21T14:27:40Z">
      <class name="com.trainings.resst.automation.test.Testing">
        <test-method status="PASS" signature="setConfig()[pri:0, instance:com.trainings.resst.automation.test.Testing@1efbd816]" name="setConfig" is-config="true" duration-ms="12" started-at="2016-08-21T19:57:36Z" finished-at="2016-08-21T19:57:36Z">
          <reporter-output>
          </reporter-output>
        </test-method> <!-- setConfig -->
        <test-method status="PASS" signature="getData()[pri:0, instance:com.trainings.resst.automation.test.Testing@1efbd816]" name="getData" is-config="true" duration-ms="1" started-at="2016-08-21T19:57:36Z" finished-at="2016-08-21T19:57:36Z">
          <reporter-output>
          </reporter-output>
        </test-method> <!-- getData -->
        <test-method status="PASS" signature="DeleteTestCase()[pri:0, instance:com.trainings.resst.automation.test.Testing@1efbd816]" name="DeleteTestCase" duration-ms="2480" started-at="2016-08-21T19:57:36Z" finished-at="2016-08-21T19:57:38Z">
          <reporter-output>
          </reporter-output>
        </test-method> <!-- DeleteTestCase -->
        <test-method status="PASS" signature="GetMessageTestCase()[pri:0, instance:com.trainings.resst.automation.test.Testing@1efbd816]" name="GetMessageTestCase" duration-ms="1242" started-at="2016-08-21T19:57:38Z" finished-at="2016-08-21T19:57:40Z">
          <reporter-output>
          </reporter-output>
        </test-method> <!-- GetMessageTestCase -->
        <test-method status="PASS" signature="PostTestCase()[pri:0, instance:com.trainings.resst.automation.test.Testing@1efbd816]" name="PostTestCase" duration-ms="83" started-at="2016-08-21T19:57:40Z" finished-at="2016-08-21T19:57:40Z">
          <reporter-output>
          </reporter-output>
        </test-method> <!-- PostTestCase -->
        <test-method status="PASS" signature="PutTestCase()[pri:0, instance:com.trainings.resst.automation.test.Testing@1efbd816]" name="PutTestCase" duration-ms="65" started-at="2016-08-21T19:57:40Z" finished-at="2016-08-21T19:57:40Z">
          <reporter-output>
          </reporter-output>
        </test-method> <!-- PutTestCase -->
      </class> <!-- com.trainings.resst.automation.test.Testing -->
    </test> <!-- Test -->
  </suite> <!-- Suite -->
</testng-results>
